  [1m[36mUser Exists? (1.8ms)[0m  [1m[34mSELECT 1 AS one FROM `users` WHERE `users`.`email` = 'OK@email.com' LIMIT 1[0m
  [1m[36mTRANSACTION (0.3ms)[0m  [1m[35mBEGIN[0m
  [1m[36mUser Exists? (0.5ms)[0m  [1m[34mSELECT 1 AS one FROM `users` WHERE `users`.`email` = 'OK@email.com' LIMIT 1[0m
  [1m[36mUser Create (16.3ms)[0m  [1m[32mINSERT INTO `users` (`name`, `email`, `created_at`, `updated_at`, `password_digest`) VALUES ('Pham Van OK', 'ok@email.com', '2021-06-18 05:44:53.726883', '2021-06-18 05:44:53.726883', '$2a$12$l7zeFKoX/q3vYSlG1Use.O.hv07yLjukdPvJ24QDYxLx0AkIvDX5i')[0m
  [1m[36mTRANSACTION (5.5ms)[0m  [1m[35mCOMMIT[0m
  [1m[36mUser Load (30.9ms)[0m  [1m[34mSELECT `users`.* FROM `users` /* loading for inspect */ LIMIT 11[0m
Started GET "/users/2" for ::1 at 2021-06-18 12:59:52 +0700
  [1m[35m (7.3ms)[0m  [1m[34mSELECT `schema_migrations`.`version` FROM `schema_migrations` ORDER BY `schema_migrations`.`version` ASC[0m
Processing by UsersController#show as HTML
  Parameters: {"id"=>"2"}
  [1m[36mUser Load (2.1ms)[0m  [1m[34mSELECT `users`.* FROM `users` WHERE `users`.`id` = 2 LIMIT 1[0m
  ↳ app/controllers/users_controller.rb:9:in `show'
  Rendering layout layouts/application.html.erb
  Rendering users/show.html.erb within layouts/application
  Rendered users/show.html.erb within layouts/application (Duration: 24.9ms | Allocations: 256)
[Webpacker] Everything's up-to-date. Nothing to do
  Rendered shared/_header.html.erb (Duration: 8.4ms | Allocations: 306)
  Rendered layout layouts/application.html.erb (Duration: 1063.9ms | Allocations: 23298)
Completed 200 OK in 1246ms (Views: 1113.0ms | ActiveRecord: 5.7ms | Allocations: 31435)


Started GET "/users/2" for ::1 at 2021-06-18 13:00:38 +0700
  [1m[35m (0.8ms)[0m  [1m[34mSELECT `schema_migrations`.`version` FROM `schema_migrations` ORDER BY `schema_migrations`.`version` ASC[0m
Processing by UsersController#show as HTML
  Parameters: {"id"=>"2"}
  [1m[36mUser Load (0.9ms)[0m  [1m[34mSELECT `users`.* FROM `users` WHERE `users`.`id` = 2 LIMIT 1[0m
  ↳ app/controllers/users_controller.rb:9:in `show'
  Rendering layout layouts/application.html.erb
  Rendering users/show.html.erb within layouts/application
  Rendered users/show.html.erb within layouts/application (Duration: 2.3ms | Allocations: 254)
[Webpacker] Everything's up-to-date. Nothing to do
  Rendered shared/_header.html.erb (Duration: 0.8ms | Allocations: 306)
  Rendered layout layouts/application.html.erb (Duration: 110.7ms | Allocations: 20381)
Completed 200 OK in 156ms (Views: 123.5ms | ActiveRecord: 4.6ms | Allocations: 28523)


Started GET "/users/3" for 127.0.0.1 at 2021-06-18 13:00:44 +0700
Processing by UsersController#show as HTML
  Parameters: {"id"=>"3"}
  [1m[36mUser Load (2.2ms)[0m  [1m[34mSELECT `users`.* FROM `users` WHERE `users`.`id` = 3 LIMIT 1[0m
  ↳ app/controllers/users_controller.rb:9:in `show'
  Rendering layout layouts/application.html.erb
  Rendering users/show.html.erb within layouts/application
  Rendered users/show.html.erb within layouts/application (Duration: 0.1ms | Allocations: 39)
[Webpacker] Everything's up-to-date. Nothing to do
  Rendered shared/_header.html.erb (Duration: 0.3ms | Allocations: 122)
  Rendered layout layouts/application.html.erb (Duration: 22.1ms | Allocations: 6859)
Completed 200 OK in 28ms (Views: 22.7ms | ActiveRecord: 2.2ms | Allocations: 8023)


Started GET "/users/2" for 127.0.0.1 at 2021-06-18 13:00:48 +0700
Processing by UsersController#show as HTML
  Parameters: {"id"=>"2"}
  [1m[36mUser Load (1.0ms)[0m  [1m[34mSELECT `users`.* FROM `users` WHERE `users`.`id` = 2 LIMIT 1[0m
  ↳ app/controllers/users_controller.rb:9:in `show'
  Rendering layout layouts/application.html.erb
  Rendering users/show.html.erb within layouts/application
  Rendered users/show.html.erb within layouts/application (Duration: 0.1ms | Allocations: 39)
[Webpacker] Everything's up-to-date. Nothing to do
  Rendered shared/_header.html.erb (Duration: 0.3ms | Allocations: 122)
  Rendered layout layouts/application.html.erb (Duration: 16.9ms | Allocations: 6850)
Completed 200 OK in 22ms (Views: 17.5ms | ActiveRecord: 1.0ms | Allocations: 8011)


Started GET "/users/2" for ::1 at 2021-06-18 13:03:19 +0700
  [1m[35m (0.7ms)[0m  [1m[34mSELECT `schema_migrations`.`version` FROM `schema_migrations` ORDER BY `schema_migrations`.`version` ASC[0m
Processing by UsersController#show as HTML
  Parameters: {"id"=>"2"}
  [1m[36mUser Load (1.0ms)[0m  [1m[34mSELECT `users`.* FROM `users` WHERE `users`.`id` = 2 LIMIT 1[0m
  ↳ app/controllers/users_controller.rb:9:in `show'
  Rendering layout layouts/application.html.erb
  Rendering users/show.html.erb within layouts/application
  Rendered users/show.html.erb within layouts/application (Duration: 1.3ms | Allocations: 311)
[Webpacker] Everything's up-to-date. Nothing to do
  Rendered shared/_header.html.erb (Duration: 0.7ms | Allocations: 306)
  Rendered layout layouts/application.html.erb (Duration: 105.2ms | Allocations: 21717)
Completed 200 OK in 140ms (Views: 108.2ms | ActiveRecord: 5.2ms | Allocations: 29858)


Started GET "/users/2" for ::1 at 2021-06-18 13:04:33 +0700
Processing by UsersController#show as HTML
  Parameters: {"id"=>"2"}
  [1m[36mUser Load (1.3ms)[0m  [1m[34mSELECT `users`.* FROM `users` WHERE `users`.`id` = 2 LIMIT 1[0m
  ↳ app/controllers/users_controller.rb:9:in `show'
  Rendering layout layouts/application.html.erb
  Rendering users/show.html.erb within layouts/application
  Rendered users/show.html.erb within layouts/application (Duration: 0.2ms | Allocations: 66)
[Webpacker] Everything's up-to-date. Nothing to do
  Rendered shared/_header.html.erb (Duration: 0.2ms | Allocations: 122)
  Rendered layout layouts/application.html.erb (Duration: 12.9ms | Allocations: 6884)
Completed 200 OK in 18ms (Views: 13.5ms | ActiveRecord: 1.3ms | Allocations: 8028)


Started GET "/users/2" for ::1 at 2021-06-18 13:04:44 +0700
  [1m[35m (0.7ms)[0m  [1m[34mSELECT `schema_migrations`.`version` FROM `schema_migrations` ORDER BY `schema_migrations`.`version` ASC[0m
Processing by UsersController#show as HTML
  Parameters: {"id"=>"2"}
  [1m[36mUser Load (1.0ms)[0m  [1m[34mSELECT `users`.* FROM `users` WHERE `users`.`id` = 2 LIMIT 1[0m
  ↳ app/controllers/users_controller.rb:9:in `show'
  Rendering layout layouts/application.html.erb
  Rendering users/show.html.erb within layouts/application
  Rendered users/show.html.erb within layouts/application (Duration: 1.1ms | Allocations: 313)
[Webpacker] Everything's up-to-date. Nothing to do
  Rendered shared/_header.html.erb (Duration: 0.7ms | Allocations: 306)
  Rendered layout layouts/application.html.erb (Duration: 76.3ms | Allocations: 20138)
Completed 200 OK in 107ms (Views: 79.9ms | ActiveRecord: 4.8ms | Allocations: 28280)


